<?xml version="1.0" encoding="UTF-8"?>
<!-- Generated by org.testng.reporters.JUnitReportReporter -->
<testsuite skipped="0" hostname="LAPTOP-8O9KQB53" name="com.git.demo.Demo" tests="1" failures="0" timestamp="22 Jun 2018 12:30:36 GMT" time="0.013" errors="0">
  <testcase name="test" time="0.013" classname="com.git.demo.Demo"/>
</testsuite> <!-- com.git.demo.Demo -->
